<?xml version="1.0" encoding="UTF-8"?>
<!-- Generated by org.testng.reporters.JUnitXMLReporter -->
<testsuite hostname="NBL95VX4HAZOVHR" name="Test" tests="16" failures="16" timestamp="22 Apr 2020 06:12:32 GMT" time="16.498" errors="0">
  <testcase name="login" time="16.494" classname="selenium.wechatautotest.Login">
    <failure type="java.lang.ExceptionInInitializerError">
      <![CDATA[java.lang.ExceptionInInitializerError
	at selenium.wechatautotest.Login.login(Login.java:22)
	at selenium.wechatautotest.AppTest.aa(AppTest.java:27)
Caused by: org.openqa.selenium.SessionNotCreatedException: session not created
from chrome not reachable
  (Session info: chrome=73.0.3683.75)
  (Driver info: chromedriver=2.46.628402 (536cd7adbad73a3783fdc2cab92ab2ba7ec361e1),platform=Windows NT 10.0.18362 x86_64) (WARNING: The server did not provide any stacktrace information)
Command duration or timeout: 14.53 seconds
Build info: version: '3.4.0', revision: 'unknown', time: 'unknown'
System info: host: 'NBL95VX4HAZOVHR', ip: '192.168.1.122', os.name: 'Windows 10', os.arch: 'amd64', os.version: '10.0', java.version: '1.8.0_131'
Driver info: driver.version: ChromeDriver
	at org.openqa.selenium.remote.ErrorHandler.createThrowable(ErrorHandler.java:215)
	at org.openqa.selenium.remote.ErrorHandler.throwIfResponseFailed(ErrorHandler.java:167)
	at org.openqa.selenium.remote.JsonWireProtocolResponse.lambda$new$0(JsonWireProtocolResponse.java:53)
	at org.openqa.selenium.remote.JsonWireProtocolResponse.lambda$getResponseFunction$2(JsonWireProtocolResponse.java:91)
	at org.openqa.selenium.remote.ProtocolHandshake.lambda$createSession$22(ProtocolHandshake.java:365)
	at java.util.stream.ReferencePipeline$3$1.accept(ReferencePipeline.java:193)
	at java.util.Spliterators$ArraySpliterator.tryAdvance(Spliterators.java:958)
	at java.util.stream.ReferencePipeline.forEachWithCancel(ReferencePipeline.java:126)
	at java.util.stream.AbstractPipeline.copyIntoWithCancel(AbstractPipeline.java:498)
	at java.util.stream.AbstractPipeline.copyInto(AbstractPipeline.java:485)
	at java.util.stream.AbstractPipeline.wrapAndCopyInto(AbstractPipeline.java:471)
	at java.util.stream.FindOps$FindOp.evaluateSequential(FindOps.java:152)
	at java.util.stream.AbstractPipeline.evaluate(AbstractPipeline.java:234)
	at java.util.stream.ReferencePipeline.findFirst(ReferencePipeline.java:464)
	at org.openqa.selenium.remote.ProtocolHandshake.createSession(ProtocolHandshake.java:368)
	at org.openqa.selenium.remote.ProtocolHandshake.createSession(ProtocolHandshake.java:159)
	at org.openqa.selenium.remote.HttpCommandExecutor.execute(HttpCommandExecutor.java:142)
	at org.openqa.selenium.remote.service.DriverCommandExecutor.execute(DriverCommandExecutor.java:82)
	at org.openqa.selenium.remote.RemoteWebDriver.execute(RemoteWebDriver.java:637)
	at org.openqa.selenium.remote.RemoteWebDriver.startSession(RemoteWebDriver.java:250)
	at org.openqa.selenium.remote.RemoteWebDriver.startSession(RemoteWebDriver.java:236)
	at org.openqa.selenium.remote.RemoteWebDriver.<init>(RemoteWebDriver.java:137)
	at org.openqa.selenium.chrome.ChromeDriver.<init>(ChromeDriver.java:184)
	at org.openqa.selenium.chrome.ChromeDriver.<init>(ChromeDriver.java:171)
	at org.openqa.selenium.chrome.ChromeDriver.<init>(ChromeDriver.java:124)
	at selenium.wechatautotest.Share.<init>(Share.java:27)
	at selenium.wechatautotest.Share.<clinit>(Share.java:30)
	... 52 more
... Removed 54 stack frames]]>
    </failure>
  </testcase> <!-- login -->
  <testcase name="shouye" time="0.0" classname="selenium.wechatautotest.FirstPage">
    <failure type="java.lang.NoClassDefFoundError" message="Could not initialize class selenium.wechatautotest.Share">
      <![CDATA[java.lang.NoClassDefFoundError: Could not initialize class selenium.wechatautotest.Share
	at selenium.wechatautotest.FirstPage.shouye(FirstPage.java:13)
	at selenium.wechatautotest.AppTest.aa(AppTest.java:27)
... Removed 50 stack frames]]>
    </failure>
  </testcase> <!-- shouye -->
  <testcase name="ss" time="0.0" classname="selenium.wechatautotest.ProvincesCityArea">
    <failure type="java.lang.NoClassDefFoundError" message="Could not initialize class selenium.wechatautotest.Share">
      <![CDATA[java.lang.NoClassDefFoundError: Could not initialize class selenium.wechatautotest.Share
	at selenium.wechatautotest.ProvincesCityArea.ss(ProvincesCityArea.java:11)
	at selenium.wechatautotest.AppTest.aa(AppTest.java:27)
... Removed 50 stack frames]]>
    </failure>
  </testcase> <!-- ss -->
  <testcase name="RenewalOfCommodities" time="0.0" classname="selenium.wechatautotest.RenewalCommodities">
    <failure type="java.lang.NoClassDefFoundError" message="Could not initialize class selenium.wechatautotest.Share">
      <![CDATA[java.lang.NoClassDefFoundError: Could not initialize class selenium.wechatautotest.Share
	at selenium.wechatautotest.RenewalCommodities.RenewalOfCommodities(RenewalCommodities.java:12)
	at selenium.wechatautotest.AppTest.aa(AppTest.java:27)
... Removed 50 stack frames]]>
    </failure>
  </testcase> <!-- RenewalOfCommodities -->
  <testcase name="LogistiCode" time="0.0" classname="selenium.wechatautotest.LogisticsCode">
    <failure type="java.lang.NoClassDefFoundError" message="Could not initialize class selenium.wechatautotest.Share">
      <![CDATA[java.lang.NoClassDefFoundError: Could not initialize class selenium.wechatautotest.Share
	at selenium.wechatautotest.LogisticsCode.LogistiCode(LogisticsCode.java:10)
	at selenium.wechatautotest.AppTest.aa(AppTest.java:27)
... Removed 50 stack frames]]>
    </failure>
  </testcase> <!-- LogistiCode -->
  <testcase name="broadbandCode" time="0.001" classname="selenium.wechatautotest.InstallEquipmentBroadbandCode">
    <failure type="java.lang.NoClassDefFoundError" message="Could not initialize class selenium.wechatautotest.Share">
      <![CDATA[java.lang.NoClassDefFoundError: Could not initialize class selenium.wechatautotest.Share
	at selenium.wechatautotest.InstallEquipmentBroadbandCode.broadbandCode(InstallEquipmentBroadbandCode.java:12)
	at selenium.wechatautotest.AppTest.aa(AppTest.java:27)
... Removed 50 stack frames]]>
    </failure>
  </testcase> <!-- broadbandCode -->
  <testcase name="MaintenanceTime" time="0.0" classname="selenium.wechatautotest.RennewalMaintenanceTime">
    <failure type="java.lang.NoClassDefFoundError" message="Could not initialize class selenium.wechatautotest.Share">
      <![CDATA[java.lang.NoClassDefFoundError: Could not initialize class selenium.wechatautotest.Share
	at selenium.wechatautotest.RennewalMaintenanceTime.MaintenanceTime(RennewalMaintenanceTime.java:11)
	at selenium.wechatautotest.AppTest.aa(AppTest.java:27)
... Removed 50 stack frames]]>
    </failure>
  </testcase> <!-- MaintenanceTime -->
  <testcase name="complaintMang" time="0.0" classname="selenium.wechatautotest.ComplaintManagement">
    <failure type="java.lang.NoClassDefFoundError" message="Could not initialize class selenium.wechatautotest.Share">
      <![CDATA[java.lang.NoClassDefFoundError: Could not initialize class selenium.wechatautotest.Share
	at selenium.wechatautotest.ComplaintManagement.complaintMang(ComplaintManagement.java:11)
	at selenium.wechatautotest.AppTest.aa(AppTest.java:27)
... Removed 50 stack frames]]>
    </failure>
  </testcase> <!-- complaintMang -->
  <testcase name="broadbandOrder" time="0.0" classname="selenium.wechatautotest.BroadbandNewClothesOrder">
    <failure type="java.lang.NoClassDefFoundError" message="Could not initialize class selenium.wechatautotest.Share">
      <![CDATA[java.lang.NoClassDefFoundError: Could not initialize class selenium.wechatautotest.Share
	at selenium.wechatautotest.BroadbandNewClothesOrder.broadbandOrder(BroadbandNewClothesOrder.java:12)
	at selenium.wechatautotest.AppTest.aa(AppTest.java:27)
... Removed 50 stack frames]]>
    </failure>
  </testcase> <!-- broadbandOrder -->
  <testcase name="ReneOrder" time="0.0" classname="selenium.wechatautotest.RenewalOrder">
    <failure type="java.lang.NoClassDefFoundError" message="Could not initialize class selenium.wechatautotest.Share">
      <![CDATA[java.lang.NoClassDefFoundError: Could not initialize class selenium.wechatautotest.Share
	at selenium.wechatautotest.RenewalOrder.ReneOrder(RenewalOrder.java:12)
	at selenium.wechatautotest.AppTest.aa(AppTest.java:27)
... Removed 50 stack frames]]>
    </failure>
  </testcase> <!-- ReneOrder -->
  <testcase name="OvertiOrders" time="0.0" classname="selenium.wechatautotest.OvertimeOrders">
    <failure type="java.lang.NoClassDefFoundError" message="Could not initialize class selenium.wechatautotest.Share">
      <![CDATA[java.lang.NoClassDefFoundError: Could not initialize class selenium.wechatautotest.Share
	at selenium.wechatautotest.OvertimeOrders.OvertiOrders(OvertimeOrders.java:12)
	at selenium.wechatautotest.AppTest.aa(AppTest.java:27)
... Removed 50 stack frames]]>
    </failure>
  </testcase> <!-- OvertiOrders -->
  <testcase name="BPList" time="0.0" classname="selenium.wechatautotest.BroadbandProductList">
    <failure type="java.lang.NoClassDefFoundError" message="Could not initialize class selenium.wechatautotest.Share">
      <![CDATA[java.lang.NoClassDefFoundError: Could not initialize class selenium.wechatautotest.Share
	at selenium.wechatautotest.BroadbandProductList.BPList(BroadbandProductList.java:14)
	at selenium.wechatautotest.AppTest.aa(AppTest.java:27)
... Removed 50 stack frames]]>
    </failure>
  </testcase> <!-- BPList -->
  <testcase name="OSfProductList" time="0.0" classname="selenium.wechatautotest.OffShelfProductList">
    <failure type="java.lang.NoClassDefFoundError" message="Could not initialize class selenium.wechatautotest.Share">
      <![CDATA[java.lang.NoClassDefFoundError: Could not initialize class selenium.wechatautotest.Share
	at selenium.wechatautotest.OffShelfProductList.OSfProductList(OffShelfProductList.java:12)
	at selenium.wechatautotest.AppTest.aa(AppTest.java:27)
... Removed 50 stack frames]]>
    </failure>
  </testcase> <!-- OSfProductList -->
  <testcase name="manager" time="0.0" classname="selenium.wechatautotest.Managers">
    <failure type="java.lang.NoClassDefFoundError" message="Could not initialize class selenium.wechatautotest.Share">
      <![CDATA[java.lang.NoClassDefFoundError: Could not initialize class selenium.wechatautotest.Share
	at selenium.wechatautotest.Managers.manager(Managers.java:12)
	at selenium.wechatautotest.AppTest.aa(AppTest.java:27)
... Removed 50 stack frames]]>
    </failure>
  </testcase> <!-- manager -->
  <testcase name="rolelist" time="0.0" classname="selenium.wechatautotest.RoleList">
    <failure type="java.lang.NoClassDefFoundError" message="Could not initialize class selenium.wechatautotest.Share">
      <![CDATA[java.lang.NoClassDefFoundError: Could not initialize class selenium.wechatautotest.Share
	at selenium.wechatautotest.RoleList.rolelist(RoleList.java:12)
	at selenium.wechatautotest.AppTest.aa(AppTest.java:27)
... Removed 50 stack frames]]>
    </failure>
  </testcase> <!-- rolelist -->
  <testcase name="PerSeting" time="0.0" classname="selenium.wechatautotest.PersonalSettings">
    <failure type="java.lang.NoClassDefFoundError" message="Could not initialize class selenium.wechatautotest.Share">
      <![CDATA[java.lang.NoClassDefFoundError: Could not initialize class selenium.wechatautotest.Share
	at selenium.wechatautotest.PersonalSettings.PerSeting(PersonalSettings.java:12)
	at selenium.wechatautotest.AppTest.aa(AppTest.java:27)
... Removed 50 stack frames]]>
    </failure>
  </testcase> <!-- PerSeting -->
</testsuite> <!-- Test -->
